<?xml version="1.0" encoding="UTF-8"?>
<!-- Generated by org.testng.reporters.JUnitXMLReporter -->
<testsuite ignored="0" hostname="DESKTOP-BNCKLNM" failures="0" tests="4" name="Surefire test" time="13.243" errors="0" timestamp="2023-05-26T22:49:18 MSK">
  <testcase classname="com.it_academy.homework6.web.PageSearchTest" name="deleteDataInSearchingFieldAfterClosingIFrame" time="2.385"/>
  <testcase classname="com.it_academy.homework6.web.PageSearchTest" name="testVerifySearchInput" time="0.158"/>
  <testcase classname="com.it_academy.homework6.web.PageSearchTest" name="verifyValueInSearching" time="1.217"/>
  <testcase classname="com.it_academy.homework6.web.PageSearchTest" name="verifyIFrameFieldSearching" time="0.832"/>
</testsuite> <!-- Surefire test -->
