<?xml version="1.0" encoding="UTF-8"?>
<testsuite xmlns:xsi="http://www.w3.org/2001/XMLSchema-instance" xsi:noNamespaceSchemaLocation="https://maven.apache.org/surefire/maven-surefire-plugin/xsd/surefire-test-report.xsd" name="com.it_academy.homework6.web.PageSearchTest" time="17.14" tests="4" errors="0" skipped="0" failures="0">
  <properties>
[...]
</properties>
  <testcase name="deleteDataInSearchingFieldAfterClosingIFrame" classname="com.it_academy.homework6.web.PageSearchTest" time="2.625"/>
  <testcase name="testVerifySearchInput" classname="com.it_academy.homework6.web.PageSearchTest" time="0.161"/>
  <testcase name="verifyValueInSearching" classname="com.it_academy.homework6.web.PageSearchTest" time="1.221"/>
  <testcase name="verifyIFrameFieldSearching" classname="com.it_academy.homework6.web.PageSearchTest" time="0.833"/>
</testsuite>