<?xml version="1.0" encoding="UTF-8"?>
<testng-results ignored="0" total="4" passed="4" failed="0" skipped="0">
  <reporter-output>
  </reporter-output>
  <suite started-at="2023-05-26T22:49:05 MSK" name="Surefire suite" finished-at="2023-05-26T22:49:18 MSK" duration-ms="13243">
    <groups>
    </groups>
    <test started-at="2023-05-26T22:49:05 MSK" name="Surefire test" finished-at="2023-05-26T22:49:18 MSK" duration-ms="13243">
      <class name="com.it_academy.homework6.web.PageSearchTest">
        <test-method is-config="true" signature="createForTestProductPage()[pri:0, instance:com.it_academy.homework6.web.PageSearchTest@ffd4cba]" started-at="2023-05-26T22:49:05 MSK" name="createForTestProductPage" finished-at="2023-05-26T22:49:14 MSK" duration-ms="8270" status="PASS">
          <reporter-output>
          </reporter-output>
        </test-method> <!-- createForTestProductPage -->
        <test-method signature="deleteDataInSearchingFieldAfterClosingIFrame()[pri:0, instance:com.it_academy.homework6.web.PageSearchTest@ffd4cba]" started-at="2023-05-26T22:49:14 MSK" name="deleteDataInSearchingFieldAfterClosingIFrame" finished-at="2023-05-26T22:49:16 MSK" duration-ms="2385" status="PASS">
          <reporter-output>
          </reporter-output>
        </test-method> <!-- deleteDataInSearchingFieldAfterClosingIFrame -->
        <test-method signature="testVerifySearchInput()[pri:0, instance:com.it_academy.homework6.web.PageSearchTest@ffd4cba]" started-at="2023-05-26T22:49:16 MSK" name="testVerifySearchInput" finished-at="2023-05-26T22:49:16 MSK" duration-ms="158" status="PASS">
          <reporter-output>
          </reporter-output>
        </test-method> <!-- testVerifySearchInput -->
        <test-method signature="verifyValueInSearching()[pri:0, instance:com.it_academy.homework6.web.PageSearchTest@ffd4cba]" started-at="2023-05-26T22:49:16 MSK" name="verifyValueInSearching" finished-at="2023-05-26T22:49:18 MSK" duration-ms="1217" status="PASS">
          <reporter-output>
          </reporter-output>
        </test-method> <!-- verifyValueInSearching -->
        <test-method signature="verifyIFrameFieldSearching()[pri:0, instance:com.it_academy.homework6.web.PageSearchTest@ffd4cba]" started-at="2023-05-26T22:49:18 MSK" name="verifyIFrameFieldSearching" finished-at="2023-05-26T22:49:18 MSK" depends-on-methods="com.it_academy.homework6.web.PageSearchTest.verifyValueInSearching" duration-ms="832" status="PASS">
          <reporter-output>
          </reporter-output>
        </test-method> <!-- verifyIFrameFieldSearching -->
      </class> <!-- com.it_academy.homework6.web.PageSearchTest -->
    </test> <!-- Surefire test -->
  </suite> <!-- Surefire suite -->
</testng-results>
